<?xml version="1.0" encoding="UTF-8"?>
<!-- Generated by org.testng.reporters.JUnitXMLReporter -->
<testsuite ignored="0" hostname="DESKTOP-ME7JQG9" failures="0" tests="1" name="Test" time="0.041" errors="0" timestamp="2023-12-20T10:50:28 IST">
  <testcase classname="Testng.Crossbrowsertesting" name="@BeforeTest setup" time="-1.703049628208E9">
    <failure type="org.testng.TestNGException" message="
Parameter &amp;apos;browser&amp;apos; is required by BeforeTest on method setup but has not been marked @Optional or defined
in C:\Users\user\eclipse-workspace\Seleniumwebdriver\crossbrowser.xml">
      <![CDATA[org.testng.TestNGException: 
Parameter 'browser' is required by BeforeTest on method setup but has not been marked @Optional or defined
in C:\Users\user\eclipse-workspace\Seleniumwebdriver\crossbrowser.xml
... Removed 21 stack frames]]>
    </failure>
  </testcase> <!-- @BeforeTest setup -->
  <testcase classname="Testng.Crossbrowsertesting" name="fb" time="0.0">
    <skipped/>
  </testcase> <!-- fb -->
</testsuite> <!-- Test -->
